# JRE version: Java(TM) SE Runtime Environment 18.9 (11.0.8+10) (build 11.0.8+10-LTS)
# Java VM: Java HotSpot(TM) 64-Bit Server VM 18.9 (11.0.8+10-LTS, mixed mode, tiered, compressed oops, parallel gc, windows-amd64)
Heap:
 PSYoungGen      total 49152K, used 5616K [0x00000000eab00000, 0x00000000ef580000, 0x0000000100000000)
  eden space 43520K, 0% used [0x00000000eab00000,0x00000000eab00000,0x00000000ed580000)
  from space 5632K, 99% used [0x00000000ed900000,0x00000000ede7c030,0x00000000ede80000)
  to   space 16384K, 0% used [0x00000000ee580000,0x00000000ee580000,0x00000000ef580000)
 ParOldGen       total 261632K, used 260650K [0x00000000c0000000, 0x00000000cff80000, 0x00000000eab00000)
  object space 261632K, 99% used [0x00000000c0000000,0x00000000cfe8aaf0,0x00000000cff80000)
 Metaspace       used 92570K, capacity 96383K, committed 96512K, reserved 1136640K
  class space    used 8135K, capacity 9379K, committed 9472K, reserved 1048576K
GC Heap History (10 events):
Event: 7449.269 GC heap after
{Heap after GC invocations=5694 (full 87):
 PSYoungGen      total 49152K, used 2110K [0x00000000eab00000, 0x00000000ee080000, 0x0000000100000000)
  eden space 46592K, 0% used [0x00000000eab00000,0x00000000eab00000,0x00000000ed880000)
  from space 2560K, 82% used [0x00000000ed980000,0x00000000edb8fb10,0x00000000edc00000)
  to   space 3584K, 0% used [0x00000000edd00000,0x00000000edd00000,0x00000000ee080000)
 ParOldGen       total 256512K, used 242068K [0x00000000c0000000, 0x00000000cfa80000, 0x00000000eab00000)
  object space 256512K, 94% used [0x00000000c0000000,0x00000000cec65290,0x00000000cfa80000)
 Metaspace       used 92569K, capacity 96383K, committed 96512K, reserved 1136640K
  class space    used 8135K, capacity 9379K, committed 9472K, reserved 1048576K
}
Event: 7449.429 GC heap before
{Heap before GC invocations=5695 (full 87):
 PSYoungGen      total 49152K, used 48702K [0x00000000eab00000, 0x00000000ee080000, 0x0000000100000000)
  eden space 46592K, 100% used [0x00000000eab00000,0x00000000ed880000,0x00000000ed880000)
  from space 2560K, 82% used [0x00000000ed980000,0x00000000edb8fb10,0x00000000edc00000)
  to   space 3584K, 0% used [0x00000000edd00000,0x00000000edd00000,0x00000000ee080000)
 ParOldGen       total 256512K, used 242068K [0x00000000c0000000, 0x00000000cfa80000, 0x00000000eab00000)
  object space 256512K, 94% used [0x00000000c0000000,0x00000000cec65290,0x00000000cfa80000)
 Metaspace       used 92570K, capacity 96383K, committed 96512K, reserved 1136640K
  class space    used 8135K, capacity 9379K, committed 9472K, reserved 1048576K
}
Event: 7449.443 GC heap after
{Heap after GC invocations=5695 (full 87):
 PSYoungGen      total 48128K, used 2318K [0x00000000eab00000, 0x00000000edf80000, 0x0000000100000000)
  eden space 45568K, 0% used [0x00000000eab00000,0x00000000eab00000,0x00000000ed780000)
  from space 2560K, 90% used [0x00000000edd00000,0x00000000edf43b40,0x00000000edf80000)
  to   space 2560K, 0% used [0x00000000eda80000,0x00000000eda80000,0x00000000edd00000)
 ParOldGen       total 256512K, used 244029K [0x00000000c0000000, 0x00000000cfa80000, 0x00000000eab00000)
  object space 256512K, 95% used [0x00000000c0000000,0x00000000cee4f6f0,0x00000000cfa80000)
 Metaspace       used 92570K, capacity 96383K, committed 96512K, reserved 1136640K
  class space    used 8135K, capacity 9379K, committed 9472K, reserved 1048576K
}
Event: 7450.448 GC heap before
{Heap before GC invocations=5696 (full 87):
 PSYoungGen      total 48128K, used 47886K [0x00000000eab00000, 0x00000000edf80000, 0x0000000100000000)
  eden space 45568K, 100% used [0x00000000eab00000,0x00000000ed780000,0x00000000ed780000)
  from space 2560K, 90% used [0x00000000edd00000,0x00000000edf43b40,0x00000000edf80000)
  to   space 2560K, 0% used [0x00000000eda80000,0x00000000eda80000,0x00000000edd00000)
 ParOldGen       total 256512K, used 244029K [0x00000000c0000000, 0x00000000cfa80000, 0x00000000eab00000)
  object space 256512K, 95% used [0x00000000c0000000,0x00000000cee4f6f0,0x00000000cfa80000)
 Metaspace       used 92570K, capacity 96383K, committed 96512K, reserved 1136640K
  class space    used 8135K, capacity 9379K, committed 9472K, reserved 1048576K
}
Event: 7450.471 GC heap after
{Heap after GC invocations=5696 (full 87):
 PSYoungGen      total 47104K, used 2553K [0x00000000eab00000, 0x00000000ee880000, 0x0000000100000000)
  eden space 44544K, 0% used [0x00000000eab00000,0x00000000eab00000,0x00000000ed680000)
  from space 2560K, 99% used [0x00000000eda80000,0x00000000edcfe410,0x00000000edd00000)
  to   space 9216K, 0% used [0x00000000edf80000,0x00000000edf80000,0x00000000ee880000)
 ParOldGen       total 256512K, used 249269K [0x00000000c0000000, 0x00000000cfa80000, 0x00000000eab00000)
  object space 256512K, 97% used [0x00000000c0000000,0x00000000cf36d450,0x00000000cfa80000)
 Metaspace       used 92570K, capacity 96383K, committed 96512K, reserved 1136640K
  class space    used 8135K, capacity 9379K, committed 9472K, reserved 1048576K
}
Event: 7450.963 GC heap before
{Heap before GC invocations=5697 (full 87):
 PSYoungGen      total 47104K, used 47097K [0x00000000eab00000, 0x00000000ee880000, 0x0000000100000000)
  eden space 44544K, 100% used [0x00000000eab00000,0x00000000ed680000,0x00000000ed680000)
  from space 2560K, 99% used [0x00000000eda80000,0x00000000edcfe410,0x00000000edd00000)
  to   space 9216K, 0% used [0x00000000edf80000,0x00000000edf80000,0x00000000ee880000)
 ParOldGen       total 256512K, used 249269K [0x00000000c0000000, 0x00000000cfa80000, 0x00000000eab00000)
  object space 256512K, 97% used [0x00000000c0000000,0x00000000cf36d450,0x00000000cfa80000)
 Metaspace       used 92570K, capacity 96383K, committed 96512K, reserved 1136640K
  class space    used 8135K, capacity 9379K, committed 9472K, reserved 1048576K
}
Event: 7450.981 GC heap after
{Heap after GC invocations=5697 (full 87):
 PSYoungGen      total 48640K, used 4426K [0x00000000eab00000, 0x00000000ee400000, 0x0000000100000000)
  eden space 44032K, 0% used [0x00000000eab00000,0x00000000eab00000,0x00000000ed600000)
  from space 4608K, 96% used [0x00000000edf80000,0x00000000ee3d2910,0x00000000ee400000)
  to   space 5632K, 0% used [0x00000000ed900000,0x00000000ed900000,0x00000000ede80000)
 ParOldGen       total 256512K, used 251792K [0x00000000c0000000, 0x00000000cfa80000, 0x00000000eab00000)
  object space 256512K, 98% used [0x00000000c0000000,0x00000000cf5e42d0,0x00000000cfa80000)
 Metaspace       used 92570K, capacity 96383K, committed 96512K, reserved 1136640K
  class space    used 8135K, capacity 9379K, committed 9472K, reserved 1048576K
}
Event: 7451.167 GC heap before
{Heap before GC invocations=5698 (full 87):
 PSYoungGen      total 48640K, used 48458K [0x00000000eab00000, 0x00000000ee400000, 0x0000000100000000)
  eden space 44032K, 100% used [0x00000000eab00000,0x00000000ed600000,0x00000000ed600000)
  from space 4608K, 96% used [0x00000000edf80000,0x00000000ee3d2910,0x00000000ee400000)
  to   space 5632K, 0% used [0x00000000ed900000,0x00000000ed900000,0x00000000ede80000)
 ParOldGen       total 256512K, used 251792K [0x00000000c0000000, 0x00000000cfa80000, 0x00000000eab00000)
  object space 256512K, 98% used [0x00000000c0000000,0x00000000cf5e42d0,0x00000000cfa80000)
 Metaspace       used 92570K, capacity 96383K, committed 96512K, reserved 1136640K
  class space    used 8135K, capacity 9379K, committed 9472K, reserved 1048576K
}
Event: 7451.208 GC heap after
{Heap after GC invocations=5698 (full 87):
 PSYoungGen      total 49152K, used 5616K [0x00000000eab00000, 0x00000000ef580000, 0x0000000100000000)
  eden space 43520K, 0% used [0x00000000eab00000,0x00000000eab00000,0x00000000ed580000)
  from space 5632K, 99% used [0x00000000ed900000,0x00000000ede7c030,0x00000000ede80000)
  to   space 16384K, 0% used [0x00000000ee580000,0x00000000ee580000,0x00000000ef580000)
 ParOldGen       total 261632K, used 260650K [0x00000000c0000000, 0x00000000cff80000, 0x00000000eab00000)
  object space 261632K, 99% used [0x00000000c0000000,0x00000000cfe8aaf0,0x00000000cff80000)
 Metaspace       used 92570K, capacity 96383K, committed 96512K, reserved 1136640K
  class space    used 8135K, capacity 9379K, committed 9472K, reserved 1048576K
}
Event: 7451.208 GC heap before
{Heap before GC invocations=5699 (full 88):
 PSYoungGen      total 49152K, used 5616K [0x00000000eab00000, 0x00000000ef580000, 0x0000000100000000)
  eden space 43520K, 0% used [0x00000000eab00000,0x00000000eab00000,0x00000000ed580000)
  from space 5632K, 99% used [0x00000000ed900000,0x00000000ede7c030,0x00000000ede80000)
  to   space 16384K, 0% used [0x00000000ee580000,0x00000000ee580000,0x00000000ef580000)
 ParOldGen       total 261632K, used 260650K [0x00000000c0000000, 0x00000000cff80000, 0x00000000eab00000)
  object space 261632K, 99% used [0x00000000c0000000,0x00000000cfe8aaf0,0x00000000cff80000)
 Metaspace       used 92570K, capacity 96383K, committed 96512K, reserved 1136640K
  class space    used 8135K, capacity 9379K, committed 9472K, reserved 1048576K
}

